CRITICAL - 2022-07-23 12:21:07 --> syntax error, unexpected '<', expecting end of file
in APPPATH/Config/Routes.php on line 15.
 1 SYSTEMPATH/CodeIgniter.php(415): CodeIgniter\CodeIgniter->tryToRouteIt()
 2 SYSTEMPATH/CodeIgniter.php(349): CodeIgniter\CodeIgniter->handleRequest()
 3 FCPATH/index.php(55): CodeIgniter\CodeIgniter->run()
CRITICAL - 2022-07-23 12:22:10 --> Undefined offset: 0
in APPPATH/Controllers/Publics.php on line 15.
 1 APPPATH/Controllers/Publics.php(15): CodeIgniter\Debug\Exceptions->errorHandler()
 2 APPPATH/Controllers/Publics.php(32): App\Controllers\settingValue()
 3 APPPATH/Controllers/Publics.php(50): App\Controllers\main()
 4 SYSTEMPATH/CodeIgniter.php(896): App\Controllers\Publics->index()
 5 SYSTEMPATH/CodeIgniter.php(466): CodeIgniter\CodeIgniter->runController()
 6 SYSTEMPATH/CodeIgniter.php(349): CodeIgniter\CodeIgniter->handleRequest()
 7 FCPATH/index.php(55): CodeIgniter\CodeIgniter->run()
CRITICAL - 2022-07-23 12:42:40 --> Cannot redeclare App\Controllers\settingValue() (previously declared in /home/web/padanglawasutarakab.go.id/disdukcapil.padanglawasutarakab.go.id/app/Controllers/Page.php:16)
in APPPATH/Views/Admin/Layout/Sidemenu.php on line 12.
 1 [internal function]: CodeIgniter\Debug\Exceptions->shutdownHandler()
CRITICAL - 2022-07-23 12:43:38 --> Cannot redeclare App\Controllers\settingValue() (previously declared in /home/web/padanglawasutarakab.go.id/disdukcapil.padanglawasutarakab.go.id/app/Controllers/Page.php:14)
in APPPATH/Views/Admin/Layout/Sidemenu.php on line 12.
 1 [internal function]: CodeIgniter\Debug\Exceptions->shutdownHandler()
CRITICAL - 2022-07-23 12:44:03 --> Call to undefined function App\Controllers\settingValue()
in APPPATH/Controllers/Page.php on line 31.
 1 APPPATH/Controllers/Page.php(47): App\Controllers\sessions()
 2 SYSTEMPATH/CodeIgniter.php(896): App\Controllers\Page->index()
 3 SYSTEMPATH/CodeIgniter.php(466): CodeIgniter\CodeIgniter->runController()
 4 SYSTEMPATH/CodeIgniter.php(349): CodeIgniter\CodeIgniter->handleRequest()
 5 FCPATH/index.php(55): CodeIgniter\CodeIgniter->run()
CRITICAL - 2022-07-23 12:44:45 --> Call to undefined function App\Controllers\settingValue()
in APPPATH/Controllers/Page.php on line 33.
 1 APPPATH/Controllers/Page.php(50): App\Controllers\sessions()
 2 SYSTEMPATH/CodeIgniter.php(896): App\Controllers\Page->index()
 3 SYSTEMPATH/CodeIgniter.php(466): CodeIgniter\CodeIgniter->runController()
 4 SYSTEMPATH/CodeIgniter.php(349): CodeIgniter\CodeIgniter->handleRequest()
 5 FCPATH/index.php(55): CodeIgniter\CodeIgniter->run()
CRITICAL - 2022-07-23 12:45:35 --> Call to undefined function App\Controllers\settingValue()
in APPPATH/Controllers/Page.php on line 33.
 1 APPPATH/Controllers/Page.php(50): App\Controllers\sessions()
 2 SYSTEMPATH/CodeIgniter.php(896): App\Controllers\Page->index()
 3 SYSTEMPATH/CodeIgniter.php(466): CodeIgniter\CodeIgniter->runController()
 4 SYSTEMPATH/CodeIgniter.php(349): CodeIgniter\CodeIgniter->handleRequest()
 5 FCPATH/index.php(55): CodeIgniter\CodeIgniter->run()
CRITICAL - 2022-07-23 12:45:57 --> Call to undefined function App\Controllers\settingValue()
in APPPATH/Controllers/Page.php on line 33.
 1 APPPATH/Controllers/Page.php(50): App\Controllers\sessions()
 2 SYSTEMPATH/CodeIgniter.php(896): App\Controllers\Page->index()
 3 SYSTEMPATH/CodeIgniter.php(466): CodeIgniter\CodeIgniter->runController()
 4 SYSTEMPATH/CodeIgniter.php(349): CodeIgniter\CodeIgniter->handleRequest()
 5 FCPATH/index.php(55): CodeIgniter\CodeIgniter->run()
CRITICAL - 2022-07-23 12:46:36 --> syntax error, unexpected ';'
in APPPATH/Controllers/Page.php on line 16.
 1 SYSTEMPATH/Autoloader/Autoloader.php(261): CodeIgniter\Autoloader\Autoloader->includeFile()
 2 SYSTEMPATH/Autoloader/Autoloader.php(239): CodeIgniter\Autoloader\Autoloader->loadInNamespace()
 3 [internal function]: CodeIgniter\Autoloader\Autoloader->loadClass()
 4 [internal function]: spl_autoload_call()
 5 SYSTEMPATH/CodeIgniter.php(846): class_exists()
 6 SYSTEMPATH/CodeIgniter.php(453): CodeIgniter\CodeIgniter->startController()
 7 SYSTEMPATH/CodeIgniter.php(349): CodeIgniter\CodeIgniter->handleRequest()
 8 FCPATH/index.php(55): CodeIgniter\CodeIgniter->run()
CRITICAL - 2022-07-23 12:46:54 --> syntax error, unexpected ';'
in APPPATH/Controllers/Page.php on line 16.
 1 SYSTEMPATH/Autoloader/Autoloader.php(261): CodeIgniter\Autoloader\Autoloader->includeFile()
 2 SYSTEMPATH/Autoloader/Autoloader.php(239): CodeIgniter\Autoloader\Autoloader->loadInNamespace()
 3 [internal function]: CodeIgniter\Autoloader\Autoloader->loadClass()
 4 [internal function]: spl_autoload_call()
 5 SYSTEMPATH/CodeIgniter.php(846): class_exists()
 6 SYSTEMPATH/CodeIgniter.php(453): CodeIgniter\CodeIgniter->startController()
 7 SYSTEMPATH/CodeIgniter.php(349): CodeIgniter\CodeIgniter->handleRequest()
 8 FCPATH/index.php(55): CodeIgniter\CodeIgniter->run()
CRITICAL - 2022-07-23 12:48:29 --> Call to undefined function App\Controllers\settingValue()
in APPPATH/Controllers/Page.php on line 30.
 1 APPPATH/Controllers/Page.php(43): App\Controllers\sessions()
 2 SYSTEMPATH/CodeIgniter.php(896): App\Controllers\Page->index()
 3 SYSTEMPATH/CodeIgniter.php(466): CodeIgniter\CodeIgniter->runController()
 4 SYSTEMPATH/CodeIgniter.php(349): CodeIgniter\CodeIgniter->handleRequest()
 5 FCPATH/index.php(55): CodeIgniter\CodeIgniter->run()
CRITICAL - 2022-07-23 12:49:25 --> Call to undefined function App\Controllers\settingValue()
in APPPATH/Controllers/Page.php on line 30.
 1 APPPATH/Controllers/Page.php(43): App\Controllers\sessions()
 2 SYSTEMPATH/CodeIgniter.php(896): App\Controllers\Page->index()
 3 SYSTEMPATH/CodeIgniter.php(466): CodeIgniter\CodeIgniter->runController()
 4 SYSTEMPATH/CodeIgniter.php(349): CodeIgniter\CodeIgniter->handleRequest()
 5 FCPATH/index.php(55): CodeIgniter\CodeIgniter->run()
CRITICAL - 2022-07-23 12:50:54 --> Cannot redeclare App\Controllers\settingValue() (previously declared in /home/web/padanglawasutarakab.go.id/disdukcapil.padanglawasutarakab.go.id/app/Controllers/Page.php:14)
in APPPATH/Views/Admin/Layout/Sidemenu.php on line 12.
 1 [internal function]: CodeIgniter\Debug\Exceptions->shutdownHandler()
CRITICAL - 2022-07-23 12:52:33 --> Cannot redeclare App\Controllers\settingValue() (previously declared in /home/web/padanglawasutarakab.go.id/disdukcapil.padanglawasutarakab.go.id/app/Controllers/Page.php:14)
in APPPATH/Views/Admin/Layout/Sidemenu.php on line 12.
 1 [internal function]: CodeIgniter\Debug\Exceptions->shutdownHandler()
CRITICAL - 2022-07-23 12:54:52 --> Undefined variable: alamat
in APPPATH/Views/Admin/Layout/Footer.php on line 8.
 1 APPPATH/Views/Admin/Layout/Footer.php(8): CodeIgniter\Debug\Exceptions->errorHandler()
 2 SYSTEMPATH/View/View.php(213): include('APPPATH/Views/Admin/Layout/Footer.php')
 3 SYSTEMPATH/View/View.php(216): CodeIgniter\View\View->CodeIgniter\View\{closure}()
 4 SYSTEMPATH/View/View.php(429): CodeIgniter\View\View->render()
 5 APPPATH/Views/Admin/Dashboard.php(135): CodeIgniter\View\View->include()
 6 SYSTEMPATH/View/View.php(213): include('APPPATH/Views/Admin/Dashboard.php')
 7 SYSTEMPATH/View/View.php(216): CodeIgniter\View\View->CodeIgniter\View\{closure}()
 8 SYSTEMPATH/Common.php(1135): CodeIgniter\View\View->render()
 9 APPPATH/Controllers/Page.php(51): view()
10 SYSTEMPATH/CodeIgniter.php(896): App\Controllers\Page->index()
11 SYSTEMPATH/CodeIgniter.php(466): CodeIgniter\CodeIgniter->runController()
12 SYSTEMPATH/CodeIgniter.php(349): CodeIgniter\CodeIgniter->handleRequest()
13 FCPATH/index.php(55): CodeIgniter\CodeIgniter->run()
CRITICAL - 2022-07-23 13:24:58 --> Undefined offset: 0
in APPPATH/Controllers/Publics.php on line 112.
 1 APPPATH/Controllers/Publics.php(112): CodeIgniter\Debug\Exceptions->errorHandler()
 2 SYSTEMPATH/CodeIgniter.php(896): App\Controllers\Publics->detailinfo()
 3 SYSTEMPATH/CodeIgniter.php(466): CodeIgniter\CodeIgniter->runController()
 4 SYSTEMPATH/CodeIgniter.php(349): CodeIgniter\CodeIgniter->handleRequest()
 5 FCPATH/index.php(55): CodeIgniter\CodeIgniter->run()
CRITICAL - 2022-07-23 13:25:26 --> Undefined offset: 0
in APPPATH/Controllers/Publics.php on line 112.
 1 APPPATH/Controllers/Publics.php(112): CodeIgniter\Debug\Exceptions->errorHandler()
 2 SYSTEMPATH/CodeIgniter.php(896): App\Controllers\Publics->detailinfo()
 3 SYSTEMPATH/CodeIgniter.php(466): CodeIgniter\CodeIgniter->runController()
 4 SYSTEMPATH/CodeIgniter.php(349): CodeIgniter\CodeIgniter->handleRequest()
 5 FCPATH/index.php(55): CodeIgniter\CodeIgniter->run()
CRITICAL - 2022-07-23 13:26:39 --> Undefined offset: 0
in APPPATH/Controllers/Publics.php on line 112.
 1 APPPATH/Controllers/Publics.php(112): CodeIgniter\Debug\Exceptions->errorHandler()
 2 SYSTEMPATH/CodeIgniter.php(896): App\Controllers\Publics->detailinfo()
 3 SYSTEMPATH/CodeIgniter.php(466): CodeIgniter\CodeIgniter->runController()
 4 SYSTEMPATH/CodeIgniter.php(349): CodeIgniter\CodeIgniter->handleRequest()
 5 FCPATH/index.php(55): CodeIgniter\CodeIgniter->run()
CRITICAL - 2022-07-23 13:26:40 --> Undefined offset: 0
in APPPATH/Controllers/Publics.php on line 112.
 1 APPPATH/Controllers/Publics.php(112): CodeIgniter\Debug\Exceptions->errorHandler()
 2 SYSTEMPATH/CodeIgniter.php(896): App\Controllers\Publics->detailinfo()
 3 SYSTEMPATH/CodeIgniter.php(466): CodeIgniter\CodeIgniter->runController()
 4 SYSTEMPATH/CodeIgniter.php(349): CodeIgniter\CodeIgniter->handleRequest()
 5 FCPATH/index.php(55): CodeIgniter\CodeIgniter->run()
CRITICAL - 2022-07-23 13:27:04 --> Undefined offset: 0
in APPPATH/Controllers/Publics.php on line 112.
 1 APPPATH/Controllers/Publics.php(112): CodeIgniter\Debug\Exceptions->errorHandler()
 2 SYSTEMPATH/CodeIgniter.php(896): App\Controllers\Publics->detailinfo()
 3 SYSTEMPATH/CodeIgniter.php(466): CodeIgniter\CodeIgniter->runController()
 4 SYSTEMPATH/CodeIgniter.php(349): CodeIgniter\CodeIgniter->handleRequest()
 5 FCPATH/index.php(55): CodeIgniter\CodeIgniter->run()
CRITICAL - 2022-07-23 14:21:30 --> Undefined variable: title
in APPPATH/Views/Public/Layout/Header.php on line 6.
 1 APPPATH/Views/Public/Layout/Header.php(6): CodeIgniter\Debug\Exceptions->errorHandler()
 2 SYSTEMPATH/View/View.php(213): include('APPPATH/Views/Public/Layout/Header.php')
 3 SYSTEMPATH/View/View.php(216): CodeIgniter\View\View->CodeIgniter\View\{closure}()
 4 SYSTEMPATH/View/View.php(429): CodeIgniter\View\View->render()
 5 APPPATH/Views/Public/HomePage.php(2): CodeIgniter\View\View->include()
 6 SYSTEMPATH/View/View.php(213): include('APPPATH/Views/Public/HomePage.php')
 7 SYSTEMPATH/View/View.php(216): CodeIgniter\View\View->CodeIgniter\View\{closure}()
 8 SYSTEMPATH/Common.php(1135): CodeIgniter\View\View->render()
 9 APPPATH/Controllers/Publics.php(51): view()
10 SYSTEMPATH/CodeIgniter.php(896): App\Controllers\Publics->index()
11 SYSTEMPATH/CodeIgniter.php(466): CodeIgniter\CodeIgniter->runController()
12 SYSTEMPATH/CodeIgniter.php(349): CodeIgniter\CodeIgniter->handleRequest()
13 FCPATH/index.php(55): CodeIgniter\CodeIgniter->run()
CRITICAL - 2022-07-23 14:27:11 --> Undefined variable: setting_logo
in APPPATH/Views/Admin/Layout/Header.php on line 8.
 1 APPPATH/Views/Admin/Layout/Header.php(8): CodeIgniter\Debug\Exceptions->errorHandler()
 2 SYSTEMPATH/View/View.php(213): include('APPPATH/Views/Admin/Layout/Header.php')
 3 SYSTEMPATH/View/View.php(216): CodeIgniter\View\View->CodeIgniter\View\{closure}()
 4 SYSTEMPATH/View/View.php(429): CodeIgniter\View\View->render()
 5 APPPATH/Views/Admin/Layout/Sidemenu.php(1): CodeIgniter\View\View->include()
 6 SYSTEMPATH/View/View.php(213): include('APPPATH/Views/Admin/Layout/Sidemenu.php')
 7 SYSTEMPATH/View/View.php(216): CodeIgniter\View\View->CodeIgniter\View\{closure}()
 8 SYSTEMPATH/View/View.php(429): CodeIgniter\View\View->render()
 9 APPPATH/Views/Admin/Dashboard.php(1): CodeIgniter\View\View->include()
10 SYSTEMPATH/View/View.php(213): include('APPPATH/Views/Admin/Dashboard.php')
11 SYSTEMPATH/View/View.php(216): CodeIgniter\View\View->CodeIgniter\View\{closure}()
12 SYSTEMPATH/Common.php(1135): CodeIgniter\View\View->render()
13 APPPATH/Controllers/Page.php(51): view()
14 SYSTEMPATH/CodeIgniter.php(896): App\Controllers\Page->index()
15 SYSTEMPATH/CodeIgniter.php(466): CodeIgniter\CodeIgniter->runController()
16 SYSTEMPATH/CodeIgniter.php(349): CodeIgniter\CodeIgniter->handleRequest()
17 FCPATH/index.php(55): CodeIgniter\CodeIgniter->run()
CRITICAL - 2022-07-23 14:29:51 --> Undefined variable: setting_logo
in APPPATH/Views/Admin/Layout/Header.php on line 8.
 1 APPPATH/Views/Admin/Layout/Header.php(8): CodeIgniter\Debug\Exceptions->errorHandler()
 2 SYSTEMPATH/View/View.php(213): include('APPPATH/Views/Admin/Layout/Header.php')
 3 SYSTEMPATH/View/View.php(216): CodeIgniter\View\View->CodeIgniter\View\{closure}()
 4 SYSTEMPATH/View/View.php(429): CodeIgniter\View\View->render()
 5 APPPATH/Views/Admin/Layout/Sidemenu.php(1): CodeIgniter\View\View->include()
 6 SYSTEMPATH/View/View.php(213): include('APPPATH/Views/Admin/Layout/Sidemenu.php')
 7 SYSTEMPATH/View/View.php(216): CodeIgniter\View\View->CodeIgniter\View\{closure}()
 8 SYSTEMPATH/View/View.php(429): CodeIgniter\View\View->render()
 9 APPPATH/Views/Admin/Dashboard.php(1): CodeIgniter\View\View->include()
10 SYSTEMPATH/View/View.php(213): include('APPPATH/Views/Admin/Dashboard.php')
11 SYSTEMPATH/View/View.php(216): CodeIgniter\View\View->CodeIgniter\View\{closure}()
12 SYSTEMPATH/Common.php(1135): CodeIgniter\View\View->render()
13 APPPATH/Controllers/Page.php(51): view()
14 SYSTEMPATH/CodeIgniter.php(896): App\Controllers\Page->index()
15 SYSTEMPATH/CodeIgniter.php(466): CodeIgniter\CodeIgniter->runController()
16 SYSTEMPATH/CodeIgniter.php(349): CodeIgniter\CodeIgniter->handleRequest()
17 FCPATH/index.php(55): CodeIgniter\CodeIgniter->run()
CRITICAL - 2022-07-23 14:38:27 --> Undefined variable: setting_logo
in APPPATH/Views/Admin/Layout/Header.php on line 8.
 1 APPPATH/Views/Admin/Layout/Header.php(8): CodeIgniter\Debug\Exceptions->errorHandler()
 2 SYSTEMPATH/View/View.php(213): include('APPPATH/Views/Admin/Layout/Header.php')
 3 SYSTEMPATH/View/View.php(216): CodeIgniter\View\View->CodeIgniter\View\{closure}()
 4 SYSTEMPATH/View/View.php(429): CodeIgniter\View\View->render()
 5 APPPATH/Views/Admin/Layout/Sidemenu.php(1): CodeIgniter\View\View->include()
 6 SYSTEMPATH/View/View.php(213): include('APPPATH/Views/Admin/Layout/Sidemenu.php')
 7 SYSTEMPATH/View/View.php(216): CodeIgniter\View\View->CodeIgniter\View\{closure}()
 8 SYSTEMPATH/View/View.php(429): CodeIgniter\View\View->render()
 9 APPPATH/Views/Admin/Dashboard.php(1): CodeIgniter\View\View->include()
10 SYSTEMPATH/View/View.php(213): include('APPPATH/Views/Admin/Dashboard.php')
11 SYSTEMPATH/View/View.php(216): CodeIgniter\View\View->CodeIgniter\View\{closure}()
12 SYSTEMPATH/Common.php(1135): CodeIgniter\View\View->render()
13 APPPATH/Controllers/Page.php(51): view()
14 SYSTEMPATH/CodeIgniter.php(896): App\Controllers\Page->index()
15 SYSTEMPATH/CodeIgniter.php(466): CodeIgniter\CodeIgniter->runController()
16 SYSTEMPATH/CodeIgniter.php(349): CodeIgniter\CodeIgniter->handleRequest()
17 FCPATH/index.php(55): CodeIgniter\CodeIgniter->run()
CRITICAL - 2022-07-23 14:38:30 --> Undefined variable: setting_logo
in APPPATH/Views/Admin/Layout/Header.php on line 8.
 1 APPPATH/Views/Admin/Layout/Header.php(8): CodeIgniter\Debug\Exceptions->errorHandler()
 2 SYSTEMPATH/View/View.php(213): include('APPPATH/Views/Admin/Layout/Header.php')
 3 SYSTEMPATH/View/View.php(216): CodeIgniter\View\View->CodeIgniter\View\{closure}()
 4 SYSTEMPATH/View/View.php(429): CodeIgniter\View\View->render()
 5 APPPATH/Views/Admin/Layout/Sidemenu.php(1): CodeIgniter\View\View->include()
 6 SYSTEMPATH/View/View.php(213): include('APPPATH/Views/Admin/Layout/Sidemenu.php')
 7 SYSTEMPATH/View/View.php(216): CodeIgniter\View\View->CodeIgniter\View\{closure}()
 8 SYSTEMPATH/View/View.php(429): CodeIgniter\View\View->render()
 9 APPPATH/Views/Admin/Dashboard.php(1): CodeIgniter\View\View->include()
10 SYSTEMPATH/View/View.php(213): include('APPPATH/Views/Admin/Dashboard.php')
11 SYSTEMPATH/View/View.php(216): CodeIgniter\View\View->CodeIgniter\View\{closure}()
12 SYSTEMPATH/Common.php(1135): CodeIgniter\View\View->render()
13 APPPATH/Controllers/Page.php(51): view()
14 SYSTEMPATH/CodeIgniter.php(896): App\Controllers\Page->index()
15 SYSTEMPATH/CodeIgniter.php(466): CodeIgniter\CodeIgniter->runController()
16 SYSTEMPATH/CodeIgniter.php(349): CodeIgniter\CodeIgniter->handleRequest()
17 FCPATH/index.php(55): CodeIgniter\CodeIgniter->run()
CRITICAL - 2022-07-23 14:38:33 --> Undefined variable: setting_logo
in APPPATH/Views/Admin/Layout/Header.php on line 8.
 1 APPPATH/Views/Admin/Layout/Header.php(8): CodeIgniter\Debug\Exceptions->errorHandler()
 2 SYSTEMPATH/View/View.php(213): include('APPPATH/Views/Admin/Layout/Header.php')
 3 SYSTEMPATH/View/View.php(216): CodeIgniter\View\View->CodeIgniter\View\{closure}()
 4 SYSTEMPATH/View/View.php(429): CodeIgniter\View\View->render()
 5 APPPATH/Views/Admin/Layout/Sidemenu.php(1): CodeIgniter\View\View->include()
 6 SYSTEMPATH/View/View.php(213): include('APPPATH/Views/Admin/Layout/Sidemenu.php')
 7 SYSTEMPATH/View/View.php(216): CodeIgniter\View\View->CodeIgniter\View\{closure}()
 8 SYSTEMPATH/View/View.php(429): CodeIgniter\View\View->render()
 9 APPPATH/Views/Admin/Dashboard.php(1): CodeIgniter\View\View->include()
10 SYSTEMPATH/View/View.php(213): include('APPPATH/Views/Admin/Dashboard.php')
11 SYSTEMPATH/View/View.php(216): CodeIgniter\View\View->CodeIgniter\View\{closure}()
12 SYSTEMPATH/Common.php(1135): CodeIgniter\View\View->render()
13 APPPATH/Controllers/Page.php(51): view()
14 SYSTEMPATH/CodeIgniter.php(896): App\Controllers\Page->index()
15 SYSTEMPATH/CodeIgniter.php(466): CodeIgniter\CodeIgniter->runController()
16 SYSTEMPATH/CodeIgniter.php(349): CodeIgniter\CodeIgniter->handleRequest()
17 FCPATH/index.php(55): CodeIgniter\CodeIgniter->run()
CRITICAL - 2022-07-23 17:07:25 --> Undefined variable: setting_logo
in APPPATH/Views/Admin/Layout/Header.php on line 8.
 1 APPPATH/Views/Admin/Layout/Header.php(8): CodeIgniter\Debug\Exceptions->errorHandler()
 2 SYSTEMPATH/View/View.php(213): include('APPPATH/Views/Admin/Layout/Header.php')
 3 SYSTEMPATH/View/View.php(216): CodeIgniter\View\View->CodeIgniter\View\{closure}()
 4 SYSTEMPATH/View/View.php(429): CodeIgniter\View\View->render()
 5 APPPATH/Views/Admin/Layout/Sidemenu.php(1): CodeIgniter\View\View->include()
 6 SYSTEMPATH/View/View.php(213): include('APPPATH/Views/Admin/Layout/Sidemenu.php')
 7 SYSTEMPATH/View/View.php(216): CodeIgniter\View\View->CodeIgniter\View\{closure}()
 8 SYSTEMPATH/View/View.php(429): CodeIgniter\View\View->render()
 9 APPPATH/Views/Admin/Dashboard.php(1): CodeIgniter\View\View->include()
10 SYSTEMPATH/View/View.php(213): include('APPPATH/Views/Admin/Dashboard.php')
11 SYSTEMPATH/View/View.php(216): CodeIgniter\View\View->CodeIgniter\View\{closure}()
12 SYSTEMPATH/Common.php(1135): CodeIgniter\View\View->render()
13 APPPATH/Controllers/Page.php(51): view()
14 SYSTEMPATH/CodeIgniter.php(896): App\Controllers\Page->index()
15 SYSTEMPATH/CodeIgniter.php(466): CodeIgniter\CodeIgniter->runController()
16 SYSTEMPATH/CodeIgniter.php(349): CodeIgniter\CodeIgniter->handleRequest()
17 FCPATH/index.php(55): CodeIgniter\CodeIgniter->run()
CRITICAL - 2022-07-23 17:08:52 --> Undefined variable: setting_logo
in APPPATH/Views/Admin/Layout/Header.php on line 8.
 1 APPPATH/Views/Admin/Layout/Header.php(8): CodeIgniter\Debug\Exceptions->errorHandler()
 2 SYSTEMPATH/View/View.php(213): include('APPPATH/Views/Admin/Layout/Header.php')
 3 SYSTEMPATH/View/View.php(216): CodeIgniter\View\View->CodeIgniter\View\{closure}()
 4 SYSTEMPATH/View/View.php(429): CodeIgniter\View\View->render()
 5 APPPATH/Views/Admin/Layout/Sidemenu.php(1): CodeIgniter\View\View->include()
 6 SYSTEMPATH/View/View.php(213): include('APPPATH/Views/Admin/Layout/Sidemenu.php')
 7 SYSTEMPATH/View/View.php(216): CodeIgniter\View\View->CodeIgniter\View\{closure}()
 8 SYSTEMPATH/View/View.php(429): CodeIgniter\View\View->render()
 9 APPPATH/Views/Admin/Dashboard.php(1): CodeIgniter\View\View->include()
10 SYSTEMPATH/View/View.php(213): include('APPPATH/Views/Admin/Dashboard.php')
11 SYSTEMPATH/View/View.php(216): CodeIgniter\View\View->CodeIgniter\View\{closure}()
12 SYSTEMPATH/Common.php(1135): CodeIgniter\View\View->render()
13 APPPATH/Controllers/Page.php(51): view()
14 SYSTEMPATH/CodeIgniter.php(896): App\Controllers\Page->index()
15 SYSTEMPATH/CodeIgniter.php(466): CodeIgniter\CodeIgniter->runController()
16 SYSTEMPATH/CodeIgniter.php(349): CodeIgniter\CodeIgniter->handleRequest()
17 FCPATH/index.php(55): CodeIgniter\CodeIgniter->run()
CRITICAL - 2022-07-23 17:09:18 --> Undefined variable: setting_logo
in APPPATH/Views/Admin/Layout/Header.php on line 8.
 1 APPPATH/Views/Admin/Layout/Header.php(8): CodeIgniter\Debug\Exceptions->errorHandler()
 2 SYSTEMPATH/View/View.php(213): include('APPPATH/Views/Admin/Layout/Header.php')
 3 SYSTEMPATH/View/View.php(216): CodeIgniter\View\View->CodeIgniter\View\{closure}()
 4 SYSTEMPATH/View/View.php(429): CodeIgniter\View\View->render()
 5 APPPATH/Views/Admin/Layout/Sidemenu.php(1): CodeIgniter\View\View->include()
 6 SYSTEMPATH/View/View.php(213): include('APPPATH/Views/Admin/Layout/Sidemenu.php')
 7 SYSTEMPATH/View/View.php(216): CodeIgniter\View\View->CodeIgniter\View\{closure}()
 8 SYSTEMPATH/View/View.php(429): CodeIgniter\View\View->render()
 9 APPPATH/Views/Admin/Dashboard.php(1): CodeIgniter\View\View->include()
10 SYSTEMPATH/View/View.php(213): include('APPPATH/Views/Admin/Dashboard.php')
11 SYSTEMPATH/View/View.php(216): CodeIgniter\View\View->CodeIgniter\View\{closure}()
12 SYSTEMPATH/Common.php(1135): CodeIgniter\View\View->render()
13 APPPATH/Controllers/Page.php(51): view()
14 SYSTEMPATH/CodeIgniter.php(896): App\Controllers\Page->index()
15 SYSTEMPATH/CodeIgniter.php(466): CodeIgniter\CodeIgniter->runController()
16 SYSTEMPATH/CodeIgniter.php(349): CodeIgniter\CodeIgniter->handleRequest()
17 FCPATH/index.php(55): CodeIgniter\CodeIgniter->run()
CRITICAL - 2022-07-23 17:10:06 --> Undefined variable: setting_logo
in APPPATH/Views/Admin/Layout/Header.php on line 8.
 1 APPPATH/Views/Admin/Layout/Header.php(8): CodeIgniter\Debug\Exceptions->errorHandler()
 2 SYSTEMPATH/View/View.php(213): include('APPPATH/Views/Admin/Layout/Header.php')
 3 SYSTEMPATH/View/View.php(216): CodeIgniter\View\View->CodeIgniter\View\{closure}()
 4 SYSTEMPATH/View/View.php(429): CodeIgniter\View\View->render()
 5 APPPATH/Views/Admin/Layout/Sidemenu.php(1): CodeIgniter\View\View->include()
 6 SYSTEMPATH/View/View.php(213): include('APPPATH/Views/Admin/Layout/Sidemenu.php')
 7 SYSTEMPATH/View/View.php(216): CodeIgniter\View\View->CodeIgniter\View\{closure}()
 8 SYSTEMPATH/View/View.php(429): CodeIgniter\View\View->render()
 9 APPPATH/Views/Admin/Dashboard.php(1): CodeIgniter\View\View->include()
10 SYSTEMPATH/View/View.php(213): include('APPPATH/Views/Admin/Dashboard.php')
11 SYSTEMPATH/View/View.php(216): CodeIgniter\View\View->CodeIgniter\View\{closure}()
12 SYSTEMPATH/Common.php(1135): CodeIgniter\View\View->render()
13 APPPATH/Controllers/Page.php(51): view()
14 SYSTEMPATH/CodeIgniter.php(896): App\Controllers\Page->index()
15 SYSTEMPATH/CodeIgniter.php(466): CodeIgniter\CodeIgniter->runController()
16 SYSTEMPATH/CodeIgniter.php(349): CodeIgniter\CodeIgniter->handleRequest()
17 FCPATH/index.php(55): CodeIgniter\CodeIgniter->run()
