ERROR - 2022-07-21 18:54:32 --> Error connecting to the database: Access denied for user '****'@'localhost'
CRITICAL - 2022-07-21 18:54:32 --> Unable to connect to the database.
Main connection [MySQLi]: Access denied for user '****'@'localhost'
in SYSTEMPATH/Database/BaseConnection.php on line 416.
 1 SYSTEMPATH/Database/BaseConnection.php(586): CodeIgniter\Database\BaseConnection->initialize()
 2 SYSTEMPATH/Database/BaseBuilder.php(1585): CodeIgniter\Database\BaseConnection->query()
 3 SYSTEMPATH/Model.php(222): CodeIgniter\Database\BaseBuilder->get()
 4 SYSTEMPATH/BaseModel.php(584): CodeIgniter\Model->doFindAll()
 5 APPPATH/Controllers/Publics.php(18): CodeIgniter\BaseModel->findAll()
 6 APPPATH/Controllers/Publics.php(29): App\Controllers\main()
 7 SYSTEMPATH/CodeIgniter.php(896): App\Controllers\Publics->index()
 8 SYSTEMPATH/CodeIgniter.php(466): CodeIgniter\CodeIgniter->runController()
 9 SYSTEMPATH/CodeIgniter.php(349): CodeIgniter\CodeIgniter->handleRequest()
10 FCPATH/index.php(55): CodeIgniter\CodeIgniter->run()
ERROR - 2022-07-21 19:56:35 --> Duplicate entry '0' for key 'PRIMARY'
CRITICAL - 2022-07-21 19:56:35 --> Duplicate entry '0' for key 'PRIMARY'
in SYSTEMPATH/Database/MySQLi/Connection.php on line 292.
 1 SYSTEMPATH/Database/MySQLi/Connection.php(292): mysqli->query()
 2 SYSTEMPATH/Database/BaseConnection.php(695): CodeIgniter\Database\MySQLi\Connection->execute()
 3 SYSTEMPATH/Database/BaseConnection.php(609): CodeIgniter\Database\BaseConnection->simpleQuery()
 4 SYSTEMPATH/Database/BaseBuilder.php(1904): CodeIgniter\Database\BaseConnection->query()
 5 SYSTEMPATH/Model.php(278): CodeIgniter\Database\BaseBuilder->insert()
 6 SYSTEMPATH/BaseModel.php(738): CodeIgniter\Model->doInsert()
 7 SYSTEMPATH/Model.php(666): CodeIgniter\BaseModel->insert()
 8 APPPATH/Controllers/Fungsi.php(173): CodeIgniter\Model->insert()
 9 SYSTEMPATH/CodeIgniter.php(896): App\Controllers\Fungsi->createNews()
10 SYSTEMPATH/CodeIgniter.php(466): CodeIgniter\CodeIgniter->runController()
11 SYSTEMPATH/CodeIgniter.php(349): CodeIgniter\CodeIgniter->handleRequest()
12 FCPATH/index.php(55): CodeIgniter\CodeIgniter->run()
CRITICAL - 2022-07-21 20:19:27 --> unlink(Assets/informasi/): Is a directory
in APPPATH/Controllers/Fungsi.php on line 392.
 1 [internal function]: CodeIgniter\Debug\Exceptions->errorHandler()
 2 APPPATH/Controllers/Fungsi.php(392): unlink()
 3 SYSTEMPATH/CodeIgniter.php(896): App\Controllers\Fungsi->editInfo()
 4 SYSTEMPATH/CodeIgniter.php(466): CodeIgniter\CodeIgniter->runController()
 5 SYSTEMPATH/CodeIgniter.php(349): CodeIgniter\CodeIgniter->handleRequest()
 6 FCPATH/index.php(55): CodeIgniter\CodeIgniter->run()
CRITICAL - 2022-07-21 20:19:32 --> unlink(Assets/informasi/): Is a directory
in APPPATH/Controllers/Fungsi.php on line 392.
 1 [internal function]: CodeIgniter\Debug\Exceptions->errorHandler()
 2 APPPATH/Controllers/Fungsi.php(392): unlink()
 3 SYSTEMPATH/CodeIgniter.php(896): App\Controllers\Fungsi->editInfo()
 4 SYSTEMPATH/CodeIgniter.php(466): CodeIgniter\CodeIgniter->runController()
 5 SYSTEMPATH/CodeIgniter.php(349): CodeIgniter\CodeIgniter->handleRequest()
 6 FCPATH/index.php(55): CodeIgniter\CodeIgniter->run()
CRITICAL - 2022-07-21 20:23:12 --> unlink(Assets/informasi/): Is a directory
in APPPATH/Controllers/Fungsi.php on line 392.
 1 [internal function]: CodeIgniter\Debug\Exceptions->errorHandler()
 2 APPPATH/Controllers/Fungsi.php(392): unlink()
 3 SYSTEMPATH/CodeIgniter.php(896): App\Controllers\Fungsi->editInfo()
 4 SYSTEMPATH/CodeIgniter.php(466): CodeIgniter\CodeIgniter->runController()
 5 SYSTEMPATH/CodeIgniter.php(349): CodeIgniter\CodeIgniter->handleRequest()
 6 FCPATH/index.php(55): CodeIgniter\CodeIgniter->run()
CRITICAL - 2022-07-21 20:25:02 --> unlink(Assets/informasi/): Is a directory
in APPPATH/Controllers/Fungsi.php on line 392.
 1 [internal function]: CodeIgniter\Debug\Exceptions->errorHandler()
 2 APPPATH/Controllers/Fungsi.php(392): unlink()
 3 SYSTEMPATH/CodeIgniter.php(896): App\Controllers\Fungsi->editInfo()
 4 SYSTEMPATH/CodeIgniter.php(466): CodeIgniter\CodeIgniter->runController()
 5 SYSTEMPATH/CodeIgniter.php(349): CodeIgniter\CodeIgniter->handleRequest()
 6 FCPATH/index.php(55): CodeIgniter\CodeIgniter->run()
CRITICAL - 2022-07-21 20:25:53 --> unlink(Assets/informasi/): Is a directory
in APPPATH/Controllers/Fungsi.php on line 392.
 1 [internal function]: CodeIgniter\Debug\Exceptions->errorHandler()
 2 APPPATH/Controllers/Fungsi.php(392): unlink()
 3 SYSTEMPATH/CodeIgniter.php(896): App\Controllers\Fungsi->editInfo()
 4 SYSTEMPATH/CodeIgniter.php(466): CodeIgniter\CodeIgniter->runController()
 5 SYSTEMPATH/CodeIgniter.php(349): CodeIgniter\CodeIgniter->handleRequest()
 6 FCPATH/index.php(55): CodeIgniter\CodeIgniter->run()
CRITICAL - 2022-07-21 20:48:56 --> syntax error, unexpected '}', expecting end of file
in APPPATH/Views/Admin/Pengguna.php on line 72.
 1 SYSTEMPATH/View/View.php(216): CodeIgniter\View\View->CodeIgniter\View\{closure}()
 2 SYSTEMPATH/Common.php(1135): CodeIgniter\View\View->render()
 3 APPPATH/Controllers/Page.php(55): view()
 4 SYSTEMPATH/CodeIgniter.php(896): App\Controllers\Page->pengguna()
 5 SYSTEMPATH/CodeIgniter.php(466): CodeIgniter\CodeIgniter->runController()
 6 SYSTEMPATH/CodeIgniter.php(349): CodeIgniter\CodeIgniter->handleRequest()
 7 FCPATH/index.php(55): CodeIgniter\CodeIgniter->run()
CRITICAL - 2022-07-21 20:49:38 --> Undefined offset: 0
in APPPATH/Views/Admin/Info.php on line 49.
 1 APPPATH/Views/Admin/Info.php(49): CodeIgniter\Debug\Exceptions->errorHandler()
 2 SYSTEMPATH/View/View.php(213): include('APPPATH/Views/Admin/Info.php')
 3 SYSTEMPATH/View/View.php(216): CodeIgniter\View\View->CodeIgniter\View\{closure}()
 4 SYSTEMPATH/Common.php(1135): CodeIgniter\View\View->render()
 5 APPPATH/Controllers/Page.php(81): view()
 6 SYSTEMPATH/CodeIgniter.php(896): App\Controllers\Page->info()
 7 SYSTEMPATH/CodeIgniter.php(466): CodeIgniter\CodeIgniter->runController()
 8 SYSTEMPATH/CodeIgniter.php(349): CodeIgniter\CodeIgniter->handleRequest()
 9 FCPATH/index.php(55): CodeIgniter\CodeIgniter->run()
CRITICAL - 2022-07-21 20:49:55 --> Undefined offset: 0
in APPPATH/Views/Admin/Info.php on line 49.
 1 APPPATH/Views/Admin/Info.php(49): CodeIgniter\Debug\Exceptions->errorHandler()
 2 SYSTEMPATH/View/View.php(213): include('APPPATH/Views/Admin/Info.php')
 3 SYSTEMPATH/View/View.php(216): CodeIgniter\View\View->CodeIgniter\View\{closure}()
 4 SYSTEMPATH/Common.php(1135): CodeIgniter\View\View->render()
 5 APPPATH/Controllers/Page.php(81): view()
 6 SYSTEMPATH/CodeIgniter.php(896): App\Controllers\Page->info()
 7 SYSTEMPATH/CodeIgniter.php(466): CodeIgniter\CodeIgniter->runController()
 8 SYSTEMPATH/CodeIgniter.php(349): CodeIgniter\CodeIgniter->handleRequest()
 9 FCPATH/index.php(55): CodeIgniter\CodeIgniter->run()
CRITICAL - 2022-07-21 20:50:28 --> Undefined offset: 0
in APPPATH/Views/Admin/Info.php on line 49.
 1 APPPATH/Views/Admin/Info.php(49): CodeIgniter\Debug\Exceptions->errorHandler()
 2 SYSTEMPATH/View/View.php(213): include('APPPATH/Views/Admin/Info.php')
 3 SYSTEMPATH/View/View.php(216): CodeIgniter\View\View->CodeIgniter\View\{closure}()
 4 SYSTEMPATH/Common.php(1135): CodeIgniter\View\View->render()
 5 APPPATH/Controllers/Page.php(81): view()
 6 SYSTEMPATH/CodeIgniter.php(896): App\Controllers\Page->info()
 7 SYSTEMPATH/CodeIgniter.php(466): CodeIgniter\CodeIgniter->runController()
 8 SYSTEMPATH/CodeIgniter.php(349): CodeIgniter\CodeIgniter->handleRequest()
 9 FCPATH/index.php(55): CodeIgniter\CodeIgniter->run()
